<?xml version="1.0" encoding="UTF-8"?>
<testsuite name="com.olimpiadas.atleta.AtletaTest" tests="3" skipped="0" failures="0" errors="0" timestamp="2022-12-01T22:46:40" hostname="DESKTOP-CP3023C" time="0.02">
  <properties/>
  <testcase name="deveSalvarUmAtletaComSucesso()" classname="com.olimpiadas.atleta.AtletaTest" time="0.017"/>
  <testcase name="deveLancarExcessaoCasoNaoTenhaSobrenome()" classname="com.olimpiadas.atleta.AtletaTest" time="0.002"/>
  <testcase name="deveLancarExcessaoQuandoNomeForNulo()" classname="com.olimpiadas.atleta.AtletaTest" time="0.0"/>
  <system-out><![CDATA[]]></system-out>
  <system-err><![CDATA[]]></system-err>
</testsuite>
